<?xml version="1.0" encoding="UTF-8"?>
<!-- Generated by org.testng.reporters.JUnitReportReporter -->
<testsuite skipped="0" hostname="Rajendran" name="com.tests.FirstTest" tests="2" failures="0" timestamp="17 Oct 2019 10:25:56 GMT" time="31.282" errors="0">
  <testcase name="Test1" time="15.193" classname="com.tests.FirstTest"/>
  <testcase name="Test2" time="16.089" classname="com.tests.FirstTest"/>
</testsuite> <!-- com.tests.FirstTest -->
